INFO:root:About to submit Threadpool Harversters
INFO:root:Beginning to collect data generated at port 1
INFO:root:Beginning to collect data generated at port 0
INFO:root:Beginning to collect data generated at port 2
INFO:root:Threadpool harvesters just submitted
INFO:root:About to start bundling frames...
DEBUG:root:Slack in frames is [2, 2, 2]
DEBUG:root:Next Layer: ['1_0_6.7503918', '0_0_6.76214565', '2_0_6.7576424500000005']
DEBUG:root:Slack in frames is [3, 2, 3]
DEBUG:root:Next Layer: ['1_1_6.7754005', '0_1_6.7843872', '2_1_6.77897445']
DEBUG:root:Slack in frames is [2, 3, 3]
DEBUG:root:Next Layer: ['1_2_6.8142563', '0_2_6.8120587', '2_2_6.8039822']
DEBUG:root:Slack in frames is [3, 3, 3]
DEBUG:root:Next Layer: ['1_3_6.851433200000001', '0_3_6.8525424', '2_3_6.83679895']
DEBUG:root:Slack in frames is [3, 3, 3]
DEBUG:root:Next Layer: ['1_4_6.89296635', '0_4_6.8902298', '2_4_6.87254985']
DEBUG:root:Slack in frames is [3, 3, 3]
DEBUG:root:Next Layer: ['1_5_6.930281', '0_5_6.92496555', '2_5_6.9230068']
DEBUG:root:Slack in frames is [3, 3, 3]
DEBUG:root:Next Layer: ['1_6_6.96739195', '0_6_6.96752875', '2_6_6.966419699999999']
DEBUG:root:Slack in frames is [3, 3, 3]
DEBUG:root:Next Layer: ['1_7_7.01254345', '0_7_7.0132113', '2_7_7.013135500000001']
DEBUG:root:Slack in frames is [3, 3, 3]
DEBUG:root:Next Layer: ['1_8_7.061211650000001', '0_8_7.0592419', '2_8_7.0614306']
DEBUG:root:Slack in frames is [3, 3, 3]
DEBUG:root:Next Layer: ['1_9_7.1103021', '0_9_7.10932815', '2_9_7.10972']
DEBUG:root:Slack in frames is [3, 3, 3]
DEBUG:root:Next Layer: ['1_10_7.15682395', '0_10_7.1551081', '2_10_7.15673975']
DEBUG:root:Slack in frames is [3, 3, 3]
DEBUG:root:Next Layer: ['1_11_7.2042996', '0_11_7.204067650000001', '2_11_7.2051227']
DEBUG:root:Slack in frames is [3, 3, 3]
DEBUG:root:Next Layer: ['1_12_7.254422', '0_12_7.2519092', '2_12_7.2508415']
DEBUG:root:Slack in frames is [3, 3, 3]
DEBUG:root:Next Layer: ['1_13_7.299155649999999', '0_13_7.299098150000001', '2_13_7.299974150000001']
DEBUG:root:Slack in frames is [3, 3, 3]
DEBUG:root:Next Layer: ['1_14_7.3469636000000005', '0_14_7.34676735', '2_14_7.3470172']
DEBUG:root:Slack in frames is [3, 3, 3]
DEBUG:root:Next Layer: ['1_15_7.39405935', '0_15_7.39345525', '2_15_7.39404745']
DEBUG:root:Slack in frames is [3, 3, 3]
DEBUG:root:Next Layer: ['1_16_7.442414', '0_16_7.4420857', '2_16_7.4422383']
DEBUG:root:Slack in frames is [3, 3, 3]
DEBUG:root:Next Layer: ['1_17_7.4905539', '0_17_7.49017015', '2_17_7.4904744']
DEBUG:root:Slack in frames is [3, 3, 3]
DEBUG:root:Next Layer: ['1_18_7.53705605', '0_18_7.53813695', '2_18_7.5383577']
DEBUG:root:Slack in frames is [3, 3, 3]
DEBUG:root:Next Layer: ['1_19_7.59686575', '0_19_7.5857962', '2_19_7.584679749999999']
DEBUG:root:Slack in frames is [3, 3, 3]
DEBUG:root:Next Layer: ['1_20_7.63235315', '0_20_7.6334135', '2_20_7.6324377000000005']
DEBUG:root:Slack in frames is [3, 3, 3]
DEBUG:root:Next Layer: ['1_21_7.67937545', '0_21_7.6791921', '2_21_7.6785794']
DEBUG:root:Slack in frames is [3, 3, 3]
DEBUG:root:Next Layer: ['1_22_7.7274165', '0_22_7.727669199999999', '2_22_7.727604749999999']
DEBUG:root:Slack in frames is [3, 3, 3]
DEBUG:root:Next Layer: ['1_23_7.77417655', '0_23_7.775872850000001', '2_23_7.77388895']
DEBUG:root:Slack in frames is [3, 3, 3]
DEBUG:root:Next Layer: ['1_24_7.8194482', '0_24_7.8195311499999995', '2_24_7.81840545']
DEBUG:root:Slack in frames is [3, 3, 3]
DEBUG:root:Next Layer: ['1_25_7.86633625', '0_25_7.86742055', '2_25_7.86740125']
DEBUG:root:Slack in frames is [3, 3, 3]
DEBUG:root:Next Layer: ['1_26_7.912683299999999', '0_26_7.9122808', '2_26_7.9135959499999995']
DEBUG:root:Slack in frames is [3, 3, 3]
DEBUG:root:Next Layer: ['1_27_7.9613399000000005', '0_27_7.9607603000000005', '2_27_7.961445250000001']
DEBUG:root:Slack in frames is [3, 3, 3]
DEBUG:root:Next Layer: ['1_28_8.00774475', '0_28_8.0064834', '2_28_8.00559135']
DEBUG:root:Slack in frames is [3, 3, 3]
DEBUG:root:Next Layer: ['1_29_8.05411745', '0_29_8.0520038', '2_29_8.0538861']
DEBUG:root:Slack in frames is [3, 3, 3]
DEBUG:root:Next Layer: ['1_30_8.10112285', '0_30_8.099987500000001', '2_30_8.102317150000001']
DEBUG:root:Slack in frames is [3, 3, 3]
DEBUG:root:Next Layer: ['1_31_8.150351050000001', '0_31_8.14923195', '2_31_8.149482']
DEBUG:root:Slack in frames is [3, 3, 3]
DEBUG:root:Next Layer: ['1_32_8.1953166', '0_32_8.194036050000001', '2_32_8.1953623']
DEBUG:root:Slack in frames is [3, 3, 3]
DEBUG:root:Next Layer: ['1_33_8.24235015', '0_33_8.24325195', '2_33_8.2434311']
DEBUG:root:Slack in frames is [3, 3, 3]
DEBUG:root:Next Layer: ['1_34_8.29068415', '0_34_8.290735', '2_34_8.2905911']
DEBUG:root:Slack in frames is [3, 3, 3]
DEBUG:root:Next Layer: ['1_35_8.33867975', '0_35_8.3386351', '2_35_8.338602850000001']
DEBUG:root:Slack in frames is [3, 3, 3]
DEBUG:root:Next Layer: ['1_36_8.3863382', '0_36_8.386419', '2_36_8.385749449999999']
DEBUG:root:Slack in frames is [3, 3, 3]
DEBUG:root:Next Layer: ['1_37_8.433657799999999', '0_37_8.4347757', '2_37_8.43458665']
DEBUG:root:Slack in frames is [3, 3, 3]
DEBUG:root:Next Layer: ['1_38_8.4761193', '0_38_8.476324649999999', '2_38_8.475188849999999']
DEBUG:root:Slack in frames is [3, 3, 3]
DEBUG:root:Next Layer: ['1_39_8.5284042', '0_39_8.5279578', '2_39_8.52792425']
DEBUG:root:Slack in frames is [3, 3, 3]
DEBUG:root:Next Layer: ['1_40_8.575558650000001', '0_40_8.57457575', '2_40_8.5747019']
DEBUG:root:Slack in frames is [3, 3, 3]
DEBUG:root:Next Layer: ['1_41_8.6265939', '0_41_8.622717699999999', '2_41_8.621139849999999']
DEBUG:root:Slack in frames is [3, 3, 3]
DEBUG:root:Next Layer: ['1_42_8.6689754', '0_42_8.6701626', '2_42_8.6701342']
DEBUG:root:Slack in frames is [3, 3, 3]
DEBUG:root:Next Layer: ['1_43_8.717383349999999', '0_43_8.718645800000001', '2_43_8.716163550000001']
DEBUG:root:Slack in frames is [3, 3, 3]
DEBUG:root:Next Layer: ['1_44_8.76446465', '0_44_8.76645555', '2_44_8.76416575']
DEBUG:root:Slack in frames is [3, 3, 3]
DEBUG:root:Next Layer: ['1_45_8.8150025', '0_45_8.81198375', '2_45_8.8111401']
DEBUG:root:Slack in frames is [3, 3, 3]
DEBUG:root:Next Layer: ['1_46_8.8593938', '0_46_8.8610506', '2_46_8.86042135']
DEBUG:root:Slack in frames is [3, 3, 3]
DEBUG:root:Next Layer: ['1_47_8.90763615', '0_47_8.907464749999999', '2_47_8.9074074']
DEBUG:root:Slack in frames is [3, 3, 3]
DEBUG:root:Next Layer: ['1_48_8.961996450000001', '0_48_8.95602145', '2_48_8.95495905']
DEBUG:root:Slack in frames is [3, 3, 3]
DEBUG:root:Next Layer: ['1_49_9.0036044', '0_49_9.003964', '2_49_9.003426999999999']
DEBUG:root:Slack in frames is [3, 3, 3]
DEBUG:root:Next Layer: ['1_50_9.05121575', '0_50_9.051457150000001', '2_50_9.051257549999999']
DEBUG:root:Slack in frames is [3, 3, 3]
DEBUG:root:Next Layer: ['1_51_9.09853565', '0_51_9.0983668', '2_51_9.0986055']
DEBUG:root:Slack in frames is [3, 3, 3]
DEBUG:root:Next Layer: ['1_52_9.146090300000001', '0_52_9.1459803', '2_52_9.14698875']
DEBUG:root:Slack in frames is [3, 3, 3]
DEBUG:root:Next Layer: ['1_53_9.1956185', '0_53_9.195133250000001', '2_53_9.1943986']
DEBUG:root:Slack in frames is [3, 3, 3]
DEBUG:root:Next Layer: ['1_54_9.2412903', '0_54_9.241137550000001', '2_54_9.24106675']
DEBUG:root:Slack in frames is [3, 3, 3]
DEBUG:root:Next Layer: ['1_55_9.3044786', '0_55_9.2878549', '2_55_9.2891441']
DEBUG:root:Slack in frames is [3, 3, 3]
DEBUG:root:Next Layer: ['1_56_9.3352982', '0_56_9.335091349999999', '2_56_9.33626265']
DEBUG:root:Slack in frames is [3, 3, 3]
DEBUG:root:Next Layer: ['1_57_9.39023355', '0_57_9.3899363', '2_57_9.387943']
DEBUG:root:Slack in frames is [3, 3, 3]
DEBUG:root:Next Layer: ['1_58_9.429441449999999', '0_58_9.42742995', '2_58_9.4299703']
DEBUG:root:Slack in frames is [3, 3, 3]
DEBUG:root:Next Layer: ['1_59_9.479559649999999', '0_59_9.4769512', '2_59_9.47703445']
DEBUG:root:Slack in frames is [3, 3, 3]
DEBUG:root:Next Layer: ['1_60_9.526273400000001', '0_60_9.523484', '2_60_9.5244266']
DEBUG:root:Slack in frames is [3, 3, 3]
DEBUG:root:Next Layer: ['1_61_9.57039625', '0_61_9.57155585', '2_61_9.5715736']
DEBUG:root:Slack in frames is [3, 3, 3]
DEBUG:root:Next Layer: ['1_62_9.62008165', '0_62_9.61912395', '2_62_9.61930075']
DEBUG:root:Slack in frames is [3, 3, 3]
DEBUG:root:Next Layer: ['1_63_9.6670093', '0_63_9.66625015', '2_63_9.6676042']
DEBUG:root:Slack in frames is [3, 3, 3]
DEBUG:root:Next Layer: ['1_64_9.71460935', '0_64_9.714963099999999', '2_64_9.71447235']
DEBUG:root:Slack in frames is [3, 3, 3]
DEBUG:root:Next Layer: ['1_65_9.761502700000001', '0_65_9.7627382', '2_65_9.7629988']
DEBUG:root:Slack in frames is [3, 3, 3]
DEBUG:root:Next Layer: ['1_66_9.80987135', '0_66_9.81031105', '2_66_9.8119665']
DEBUG:root:Slack in frames is [3, 3, 3]
DEBUG:root:Next Layer: ['1_67_9.85767185', '0_67_9.857814999999999', '2_67_9.85753725']
DEBUG:root:Slack in frames is [3, 3, 3]
DEBUG:root:Next Layer: ['1_68_9.90497135', '0_68_9.9055611', '2_68_9.905473449999999']
DEBUG:root:Slack in frames is [3, 3, 3]
DEBUG:root:Next Layer: ['1_69_9.952263', '0_69_9.95224505', '2_69_9.9521422']
DEBUG:root:Slack in frames is [3, 3, 3]
DEBUG:root:Next Layer: ['1_70_10.0028919', '0_70_9.997883250000001', '2_70_9.998002549999999']
DEBUG:root:Slack in frames is [3, 3, 3]
DEBUG:root:Next Layer: ['1_71_10.04662595', '0_71_10.04645715', '2_71_10.04416205']
DEBUG:root:Slack in frames is [3, 3, 3]
DEBUG:root:Next Layer: ['1_72_10.09420395', '0_72_10.0941854', '2_72_10.094492200000001']
DEBUG:root:Slack in frames is [3, 3, 3]
DEBUG:root:Next Layer: ['1_73_10.140196849999999', '0_73_10.14106485', '2_73_10.139970250000001']
DEBUG:root:Slack in frames is [3, 3, 3]
DEBUG:root:Next Layer: ['1_74_10.18733045', '0_74_10.186080449999999', '2_74_10.18645965']
DEBUG:root:Slack in frames is [3, 3, 3]
DEBUG:root:Next Layer: ['1_75_10.2245427', '0_75_10.2248434', '2_75_10.22476975']
DEBUG:root:Slack in frames is [3, 3, 3]
DEBUG:root:Next Layer: ['1_76_10.273545949999999', '0_76_10.26650365', '2_76_10.267026']
DEBUG:root:Slack in frames is [3, 3, 3]
DEBUG:root:Next Layer: ['1_77_10.315172950000001', '0_77_10.3153796', '2_77_10.31453835']
DEBUG:root:Slack in frames is [3, 3, 3]
DEBUG:root:Next Layer: ['1_78_10.36214235', '0_78_10.36165735', '2_78_10.3615742']
DEBUG:root:Slack in frames is [3, 3, 3]
DEBUG:root:Next Layer: ['1_79_10.407267099999999', '0_79_10.4082539', '2_79_10.4083641']
DEBUG:root:Slack in frames is [3, 3, 3]
DEBUG:root:Next Layer: ['1_80_10.454613049999999', '0_80_10.454836199999999', '2_80_10.45475415']
DEBUG:root:Slack in frames is [3, 3, 3]
DEBUG:root:Next Layer: ['1_81_10.501033249999999', '0_81_10.500408100000001', '2_81_10.500976900000001']
DEBUG:root:Slack in frames is [3, 3, 3]
DEBUG:root:Next Layer: ['1_82_10.547913000000001', '0_82_10.547380050000001', '2_82_10.54798865']
DEBUG:root:Slack in frames is [3, 3, 3]
DEBUG:root:Next Layer: ['1_83_10.59612905', '0_83_10.595479950000001', '2_83_10.5960961']
DEBUG:root:Slack in frames is [3, 3, 3]
DEBUG:root:Next Layer: ['1_84_10.64467735', '0_84_10.64419065', '2_84_10.64445195']
DEBUG:root:Slack in frames is [3, 3, 3]
DEBUG:root:Next Layer: ['1_85_10.694280899999999', '0_85_10.6906968', '2_85_10.69159875']
DEBUG:root:Slack in frames is [3, 3, 3]
DEBUG:root:Next Layer: ['1_86_10.7389937', '0_86_10.7389957', '2_86_10.7378872']
DEBUG:root:Slack in frames is [3, 3, 3]
DEBUG:root:Next Layer: ['1_87_10.7851546', '0_87_10.78611605', '2_87_10.784999549999998']
DEBUG:root:Slack in frames is [3, 3, 3]
DEBUG:root:Next Layer: ['1_88_10.8238445', '0_88_10.82371805', '2_88_10.823443699999999']
DEBUG:root:Slack in frames is [3, 3, 3]
DEBUG:root:Next Layer: ['1_89_10.86204065', '0_89_10.86295775', '2_89_10.862448149999999']
DEBUG:root:Slack in frames is [3, 3, 3]
DEBUG:root:Next Layer: ['1_90_10.910820900000001', '0_90_10.91097065', '2_90_10.9087412']
DEBUG:root:Slack in frames is [3, 3, 3]
DEBUG:root:Next Layer: ['1_91_10.95761265', '0_91_10.95898845', '2_91_10.958800199999999']
DEBUG:root:Slack in frames is [3, 3, 3]
DEBUG:root:Next Layer: ['1_92_11.00595995', '0_92_11.005037000000002', '2_92_11.005101799999998']
DEBUG:root:Slack in frames is [3, 3, 3]
DEBUG:root:Next Layer: ['1_93_11.05401745', '0_93_11.05364175', '2_93_11.053363650000001']
DEBUG:root:Slack in frames is [3, 3, 3]
DEBUG:root:Next Layer: ['1_94_11.0999132', '0_94_11.099771', '2_94_11.09968595']
DEBUG:root:Slack in frames is [3, 3, 3]
DEBUG:root:Next Layer: ['1_95_11.147459099999999', '0_95_11.147462749999999', '2_95_11.1463114']
DEBUG:root:Slack in frames is [3, 3, 3]
DEBUG:root:Next Layer: ['1_96_11.19506475', '0_96_11.193547500000001', '2_96_11.1945841']
DEBUG:root:Slack in frames is [3, 3, 3]
DEBUG:root:Next Layer: ['1_97_11.2414929', '0_97_11.2414144', '2_97_11.2402942']
DEBUG:root:Slack in frames is [3, 3, 3]
DEBUG:root:Next Layer: ['1_98_11.287168300000001', '0_98_11.28828515', '2_98_11.2881014']
DEBUG:root:Slack in frames is [3, 3, 3]
DEBUG:root:Next Layer: ['1_99_11.3353398', '0_99_11.3360017', '2_99_11.3365583']
DEBUG:root:Slack in frames is [3, 3, 3]
DEBUG:root:Next Layer: ['1_100_11.3842909', '0_100_11.38423135', '2_100_11.384171349999999']
DEBUG:root:Slack in frames is [3, 3, 3]
DEBUG:root:Next Layer: ['1_101_11.43997615', '0_101_11.4315033', '2_101_11.4314888']
DEBUG:root:Slack in frames is [3, 3, 3]
DEBUG:root:Next Layer: ['1_102_11.47953', '0_102_11.47963685', '2_102_11.48007195']
DEBUG:root:Slack in frames is [3, 3, 3]
DEBUG:root:Next Layer: ['1_103_11.5283936', '0_103_11.5281495', '2_103_11.5280854']
DEBUG:root:Slack in frames is [3, 3, 3]
DEBUG:root:Next Layer: ['1_104_11.57619545', '0_104_11.57636695', '2_104_11.5752326']
DEBUG:root:Slack in frames is [3, 3, 3]
DEBUG:root:Next Layer: ['1_105_11.6232896', '0_105_11.62420565', '2_105_11.62434155']
DEBUG:root:Slack in frames is [3, 3, 3]
DEBUG:root:Next Layer: ['1_106_11.6713627', '0_106_11.67155565', '2_106_11.6713717']
DEBUG:root:Slack in frames is [3, 3, 3]
DEBUG:root:Next Layer: ['1_107_11.72002385', '0_107_11.71830765', '2_107_11.71727195']
DEBUG:root:Slack in frames is [3, 3, 3]
DEBUG:root:Next Layer: ['1_108_11.7654252', '0_108_11.7665426', '2_108_11.7666046']
DEBUG:root:Slack in frames is [3, 3, 3]
DEBUG:root:Next Layer: ['1_109_11.81289225', '0_109_11.814249199999999', '2_109_11.81250115']
DEBUG:root:Slack in frames is [3, 3, 3]
DEBUG:root:Next Layer: ['1_110_11.860742649999999', '0_110_11.85967115', '2_110_11.8608422']
DEBUG:root:Slack in frames is [3, 3, 3]
DEBUG:root:Next Layer: ['1_111_11.90915925', '0_111_11.90868095', '2_111_11.9090286']
DEBUG:root:Slack in frames is [3, 3, 3]
DEBUG:root:Next Layer: ['1_112_11.95416835', '0_112_11.955101200000001', '2_112_11.954427899999999']
DEBUG:root:Slack in frames is [3, 3, 3]
DEBUG:root:Next Layer: ['1_113_12.00368005', '0_113_12.00336265', '2_113_12.003767']
DEBUG:root:Slack in frames is [3, 3, 3]
DEBUG:root:Next Layer: ['1_114_12.05304215', '0_114_12.05119335', '2_114_12.0512686']
DEBUG:root:Slack in frames is [3, 3, 3]
DEBUG:root:Next Layer: ['1_115_12.09830685', '0_115_12.0982369', '2_115_12.0980697']
DEBUG:root:Slack in frames is [3, 3, 3]
DEBUG:root:Next Layer: ['1_116_12.1456538', '0_116_12.145401150000001', '2_116_12.145496399999999']
DEBUG:root:Slack in frames is [3, 3, 3]
DEBUG:root:Next Layer: ['1_117_12.19246845', '0_117_12.19282055', '2_117_12.19247905']
DEBUG:root:Slack in frames is [3, 3, 3]
DEBUG:root:Next Layer: ['1_118_12.2394149', '0_118_12.23966395', '2_118_12.23971315']
DEBUG:root:Slack in frames is [3, 3, 3]
DEBUG:root:Next Layer: ['1_119_12.2869739', '0_119_12.2874745', '2_119_12.2872326']
DEBUG:root:Slack in frames is [3, 3, 3]
DEBUG:root:Next Layer: ['1_120_12.334212650000001', '0_120_12.33531105', '2_120_12.3354084']
DEBUG:root:Slack in frames is [3, 3, 3]
DEBUG:root:Next Layer: ['1_121_12.39433165', '0_121_12.381087350000001', '2_121_12.37993645']
DEBUG:root:Slack in frames is [3, 3, 3]
DEBUG:root:Next Layer: ['1_122_12.42729655', '0_122_12.4290123', '2_122_12.42865695']
DEBUG:root:Slack in frames is [3, 3, 3]
DEBUG:root:Next Layer: ['1_123_12.47749565', '0_123_12.47639315', '2_123_12.475229500000001']
DEBUG:root:Slack in frames is [3, 3, 3]
DEBUG:root:Next Layer: ['1_124_12.50822855', '0_124_12.509221799999999', '2_124_12.5079445']
DEBUG:root:Slack in frames is [3, 3, 3]
DEBUG:root:Next Layer: ['1_125_12.55609195', '0_125_12.5548277', '2_125_12.5552823']
DEBUG:root:Slack in frames is [3, 3, 3]
DEBUG:root:Next Layer: ['1_126_12.5884298', '0_126_12.58701335', '2_126_12.588415']
DEBUG:root:Slack in frames is [3, 3, 3]
DEBUG:root:Next Layer: ['1_127_12.636171350000001', '0_127_12.63510185', '2_127_12.6362801']
DEBUG:root:Slack in frames is [2, 3, 3]
DEBUG:root:Next Layer: ['1_128_12.6828994', '0_128_12.683440300000001', '2_128_12.683138']
DEBUG:root:Slack in frames is [3, 3, 3]
DEBUG:root:Next Layer: ['1_129_12.7289084', '0_129_12.714139249999999', '2_129_12.71414175']
DEBUG:root:Slack in frames is [2, 3, 3]
DEBUG:root:Next Layer: ['1_130_12.78468255', '0_130_12.76098635', '2_130_12.7614398']
DEBUG:root:Slack in frames is [2, 4, 3]
DEBUG:root:Next Layer: ['1_131_12.82266325', '0_131_12.808711899999999', '2_131_12.80871935']
DEBUG:root:Slack in frames is [2, 4, 3]
DEBUG:root:Next Layer: ['1_132_12.86455275', '0_132_12.84105615', '2_132_12.8405046']
DEBUG:root:Slack in frames is [2, 4, 3]
DEBUG:root:Next Layer: [None, '0_133_12.88513955', '2_133_12.887279549999999']
DEBUG:root:Slack in frames is [3, 4, 3]
DEBUG:root:Next Layer: [None, '0_134_12.8961696', None]
DEBUG:root:Slack in frames is [4, 4, 4]
DEBUG:root:Next Layer: ['1_133_12.9181096', '0_135_12.9172849', '2_134_12.917553999999999']
DEBUG:root:Slack in frames is [4, 4, 4]
DEBUG:root:Next Layer: ['1_134_12.948496200000001', '0_136_12.9475746', '2_135_12.94755705']
DEBUG:root:Slack in frames is [4, 4, 4]
DEBUG:root:Next Layer: ['1_135_12.98113275', '0_137_12.98014525', '2_136_12.9850594']
DEBUG:root:Slack in frames is [4, 4, 4]
DEBUG:root:Next Layer: ['1_136_13.013747949999999', '0_138_13.011505849999999', '2_137_13.016121349999999']
DEBUG:root:Slack in frames is [4, 4, 4]
DEBUG:root:Next Layer: ['1_137_13.0451948', '0_139_13.04411005', '2_138_13.0488898']
DEBUG:root:Slack in frames is [4, 4, 4]
DEBUG:root:Next Layer: ['1_138_13.0760459', '0_140_13.0755093', '2_139_13.080553649999999']
DEBUG:root:Slack in frames is [4, 4, 4]
DEBUG:root:Next Layer: ['1_139_13.1070961', '0_141_13.10824625', '2_140_13.1118454']
DEBUG:root:Slack in frames is [4, 4, 4]
DEBUG:root:Next Layer: ['1_140_13.1382624', '0_142_13.13813865', '2_141_13.142136950000001']
DEBUG:root:Slack in frames is [4, 4, 4]
DEBUG:root:Next Layer: ['1_141_13.169636650000001', '0_143_13.1684342', '2_142_13.1734656']
DEBUG:root:Slack in frames is [4, 4, 4]
DEBUG:root:Next Layer: ['1_142_13.20053295', '0_144_13.200654499999999', '2_143_13.20763165']
DEBUG:root:Slack in frames is [4, 4, 4]
DEBUG:root:Next Layer: ['1_143_13.2335081', '0_145_13.2336507', '2_144_13.238493']
DEBUG:root:Slack in frames is [4, 4, 3]
DEBUG:root:Next Layer: ['1_144_13.26515815', '0_146_13.26452815', '2_145_13.27156875']
DEBUG:root:Slack in frames is [4, 4, 3]
DEBUG:root:Next Layer: ['1_145_13.30062285', '0_147_13.296702199999999', '2_146_13.30347665']
DEBUG:root:Slack in frames is [4, 4, 3]
DEBUG:root:Next Layer: ['1_146_13.3280987', '0_148_13.3292859', '2_147_13.3355575']
DEBUG:root:Slack in frames is [4, 4, 3]
DEBUG:root:Next Layer: ['1_147_13.3645396', '0_149_13.36051425', '2_148_13.37569115']
DEBUG:root:Slack in frames is [4, 4, 4]
DEBUG:root:Next Layer: ['1_148_13.39147985', '0_150_13.392448', '2_149_13.412566850000001']
DEBUG:root:Slack in frames is [4, 4, 4]
DEBUG:root:Next Layer: ['1_149_13.42882055', '0_151_13.42530915', '2_150_13.44500245']
DEBUG:root:Slack in frames is [4, 4, 4]
DEBUG:root:Next Layer: ['1_150_13.456332', '0_152_13.45722435', None]
DEBUG:root:Slack in frames is [4, 4, 5]
DEBUG:root:Next Layer: ['1_151_13.48232005', '0_153_13.490406100000001', '2_151_13.489303']
DEBUG:root:Slack in frames is [4, 4, 5]
DEBUG:root:Next Layer: ['1_152_13.53697395', '0_154_13.5364565', '2_152_13.51032975']
DEBUG:root:Slack in frames is [4, 4, 5]
DEBUG:root:Next Layer: [None, None, '2_153_13.54406655']
DEBUG:root:Slack in frames is [5, 5, 5]
DEBUG:root:Next Layer: ['1_153_13.584986', '0_155_13.58622525', '2_154_13.5839817']
DEBUG:root:Slack in frames is [5, 5, 5]
DEBUG:root:Next Layer: ['1_154_13.6334843', '0_156_13.63253075', '2_155_13.632679849999999']
DEBUG:root:Slack in frames is [5, 5, 5]
DEBUG:root:Next Layer: ['1_155_13.681056250000001', '0_157_13.68008365', '2_156_13.679719899999998']
DEBUG:root:Slack in frames is [5, 5, 5]
DEBUG:root:Next Layer: ['1_156_13.727170600000001', '0_158_13.72616815', '2_157_13.7255936']
DEBUG:root:Slack in frames is [5, 5, 5]
DEBUG:root:Next Layer: ['1_157_13.773836750000001', '0_159_13.77375395', '2_158_13.77264675']
DEBUG:root:Slack in frames is [5, 5, 5]
DEBUG:root:Next Layer: ['1_158_13.82295815', '0_160_13.821672549999999', '2_159_13.82128865']
DEBUG:root:Slack in frames is [5, 5, 5]
DEBUG:root:Next Layer: ['1_159_13.86943105', '0_161_13.869287100000001', '2_160_13.8679223']
DEBUG:root:Slack in frames is [5, 5, 5]
DEBUG:root:Next Layer: ['1_160_13.915786', '0_162_13.9145425', '2_161_13.91554055']
DEBUG:root:Slack in frames is [5, 5, 5]
DEBUG:root:Next Layer: ['1_161_13.962554350000001', '0_163_13.96374355', '2_162_13.96386265']
DEBUG:root:Slack in frames is [5, 5, 5]
DEBUG:root:Next Layer: ['1_162_14.01021575', '0_164_14.011221599999999', '2_163_14.011319199999999']
DEBUG:root:Slack in frames is [5, 5, 5]
DEBUG:root:Next Layer: ['1_163_14.0604927', '0_165_14.059285500000001', '2_164_14.06182995']
DEBUG:root:Slack in frames is [5, 5, 5]
DEBUG:root:Next Layer: ['1_164_14.12746295', '0_166_14.1225927', '2_165_14.1227126']
DEBUG:root:Slack in frames is [5, 5, 5]
DEBUG:root:Next Layer: ['1_165_14.16461675', '0_167_14.165499749999999', '2_166_14.164742350000001']
DEBUG:root:Slack in frames is [5, 5, 5]
DEBUG:root:Next Layer: ['1_166_14.20087895', '0_168_14.2008621', '2_167_14.199972299999999']
DEBUG:root:Slack in frames is [5, 5, 5]
DEBUG:root:Next Layer: ['1_167_14.24459595', '0_169_14.24560625', '2_168_14.2446089']
DEBUG:root:Slack in frames is [5, 5, 5]
DEBUG:root:Next Layer: ['1_168_14.27820875', '0_170_14.27705095', '2_169_14.2770642']
DEBUG:root:Slack in frames is [5, 5, 5]
DEBUG:root:Next Layer: ['1_169_14.3114101', '0_171_14.3105044', '2_170_14.310642099999999']
DEBUG:root:Slack in frames is [5, 5, 5]
DEBUG:root:Next Layer: ['1_170_14.358414100000001', '0_172_14.36003925', '2_171_14.35970065']
DEBUG:root:Slack in frames is [5, 5, 5]
DEBUG:root:Next Layer: ['1_171_14.39473415', '0_173_14.3924837', '2_172_14.39344555']
DEBUG:root:Slack in frames is [5, 5, 5]
DEBUG:root:Next Layer: ['1_172_14.4376279', '0_174_14.436602449999999', '2_173_14.436718899999999']
DEBUG:root:Slack in frames is [5, 5, 5]
DEBUG:root:Next Layer: ['1_173_14.46762', '0_175_14.4681146', '2_174_14.468094350000001']
DEBUG:root:Slack in frames is [5, 5, 5]
DEBUG:root:Next Layer: ['1_174_14.50019475', '0_176_14.50019705', '2_175_14.5017548']
DEBUG:root:Slack in frames is [5, 5, 5]
DEBUG:root:Next Layer: ['1_175_14.5487012', '0_177_14.54883435', '2_176_14.547579599999999']
DEBUG:root:Slack in frames is [5, 5, 5]
DEBUG:root:Next Layer: ['1_176_14.595117', '0_178_14.59464485', '2_177_14.59465765']
DEBUG:root:Slack in frames is [5, 5, 5]
DEBUG:root:Next Layer: ['1_177_14.6272646', '0_179_14.62566815', '2_178_14.62559915']
DEBUG:root:Slack in frames is [5, 5, 5]
DEBUG:root:Next Layer: ['1_178_14.65647855', '0_180_14.65745725', '2_179_14.65742555']
DEBUG:root:Slack in frames is [5, 5, 5]
DEBUG:root:Next Layer: ['1_179_14.690484999999999', '0_181_14.68842745', '2_180_14.68940015']
DEBUG:root:Slack in frames is [5, 5, 5]
DEBUG:root:Next Layer: ['1_180_14.7208026', '0_182_14.720589499999999', '2_181_14.72013445']
DEBUG:root:Slack in frames is [5, 5, 5]
DEBUG:root:Next Layer: ['1_181_14.75252645', '0_183_14.753533149999999', '2_182_14.7516351']
DEBUG:root:Slack in frames is [5, 5, 5]
DEBUG:root:Next Layer: ['1_182_14.7833477', '0_184_14.7837015', '2_183_14.783636300000001']
DEBUG:root:Slack in frames is [5, 5, 5]
DEBUG:root:Next Layer: ['1_183_14.8347443', '0_185_14.8309657', '2_184_14.83120095']
DEBUG:root:Slack in frames is [5, 5, 5]
DEBUG:root:Next Layer: ['1_184_14.8787659', '0_186_14.87801425', '2_185_14.8761313']
DEBUG:root:Slack in frames is [5, 5, 5]
DEBUG:root:Next Layer: ['1_185_14.923587900000001', '0_187_14.9115836', '2_186_14.9116']
DEBUG:root:Slack in frames is [5, 5, 5]
DEBUG:root:Next Layer: ['1_186_14.9571558', '0_188_14.957582649999999', '2_187_14.959419950000001']
DEBUG:root:Slack in frames is [5, 5, 5]
DEBUG:root:Next Layer: ['1_187_15.01069145', '0_189_15.0053871', '2_188_15.0044603']
DEBUG:root:Slack in frames is [5, 5, 5]
DEBUG:root:Next Layer: ['1_188_15.0516401', '0_190_15.053732199999999', '2_189_15.0539176']
DEBUG:root:Slack in frames is [5, 5, 5]
DEBUG:root:Next Layer: ['1_189_15.085308300000001', '0_191_15.083576149999999', '2_190_15.083122249999999']
DEBUG:root:Slack in frames is [5, 5, 5]
DEBUG:root:Next Layer: ['1_190_15.1151561', '0_192_15.11632515', '2_191_15.116617600000001']
DEBUG:root:Slack in frames is [5, 5, 5]
DEBUG:root:Next Layer: ['1_191_15.164406750000001', '0_193_15.16347485', '2_192_15.16349065']
DEBUG:root:Slack in frames is [5, 5, 5]
DEBUG:root:Next Layer: ['1_192_15.212315499999999', '0_194_15.21125775', '2_193_15.211245250000001']
DEBUG:root:Slack in frames is [5, 5, 5]
DEBUG:root:Next Layer: ['1_193_15.261231899999999', '0_195_15.260436299999999', '2_194_15.2583812']
DEBUG:root:Slack in frames is [5, 5, 5]
DEBUG:root:Next Layer: ['1_194_15.3068235', '0_196_15.30834375', '2_195_15.307822250000001']
DEBUG:root:Slack in frames is [5, 5, 5]
DEBUG:root:Next Layer: ['1_195_15.354169', '0_197_15.355488600000001', '2_196_15.35556005']
DEBUG:root:Slack in frames is [5, 5, 5]
DEBUG:root:Next Layer: ['1_196_15.386489650000001', '0_198_15.387847050000001', '2_197_15.38793025']
DEBUG:root:Slack in frames is [5, 5, 5]
DEBUG:root:Next Layer: ['1_197_15.418548950000002', '0_199_15.41765105', '2_198_15.417815000000001']
DEBUG:root:Slack in frames is [5, 5, 5]
DEBUG:root:Next Layer: ['1_198_15.4487892', '0_200_15.44979175', '2_199_15.4525012']
DEBUG:root:Slack in frames is [5, 5, 5]
DEBUG:root:Next Layer: ['1_199_15.498705900000001', '0_201_15.49653045', '2_200_15.49774025']
DEBUG:root:Slack in frames is [5, 5, 5]
DEBUG:root:Next Layer: ['1_200_15.5462043', '0_202_15.5451929', '2_201_15.5453042']
DEBUG:root:Slack in frames is [5, 5, 5]
DEBUG:root:Next Layer: ['1_201_15.59176205', '0_203_15.5915051', '2_202_15.592466349999999']
DEBUG:root:Slack in frames is [5, 5, 5]
DEBUG:root:Next Layer: ['1_202_15.6415225', '0_204_15.6392268', '2_203_15.640293499999999']
DEBUG:root:Slack in frames is [5, 5, 5]
DEBUG:root:Next Layer: ['1_203_15.6865142', '0_205_15.6846019', '2_204_15.6864885']
DEBUG:root:Slack in frames is [5, 5, 5]
DEBUG:root:Next Layer: ['1_204_15.717176349999999', '0_206_15.716648549999999', '2_205_15.7182549']
DEBUG:root:Slack in frames is [5, 5, 5]
DEBUG:root:Next Layer: ['1_205_15.75094185', '0_207_15.74912805', '2_206_15.7492877']
DEBUG:root:Slack in frames is [5, 5, 5]
DEBUG:root:Next Layer: ['1_206_15.7839867', '0_208_15.7806566', '2_207_15.78139665']
DEBUG:root:Slack in frames is [5, 5, 5]
DEBUG:root:Next Layer: ['1_207_15.81149995', '0_209_15.8123766', '2_208_15.8112131']
DEBUG:root:Slack in frames is [5, 5, 5]
DEBUG:root:Next Layer: ['1_208_15.84359965', '0_210_15.8426068', '2_209_15.8441316']
DEBUG:root:Slack in frames is [5, 5, 5]
DEBUG:root:Next Layer: ['1_209_15.8752946', '0_211_15.87452355', '2_210_15.8741703']
DEBUG:root:Slack in frames is [5, 5, 5]
DEBUG:root:Next Layer: ['1_210_15.9206559', '0_212_15.92309985', '2_211_15.9226688']
DEBUG:root:Slack in frames is [5, 5, 5]
DEBUG:root:Next Layer: ['1_211_15.953697', '0_213_15.9516656', '2_212_15.9517052']
DEBUG:root:Slack in frames is [4, 5, 5]
DEBUG:root:Next Layer: ['1_212_15.99702555', '0_214_15.9995144', '2_213_15.99924945']
DEBUG:root:Slack in frames is [5, 5, 5]
DEBUG:root:Next Layer: ['1_213_16.032334050000003', '0_215_16.0314816', '2_214_16.031704650000002']
DEBUG:root:Slack in frames is [5, 5, 5]
DEBUG:root:Next Layer: ['1_214_16.07819395', '0_216_16.0772527', '2_215_16.07554625']
DEBUG:root:Slack in frames is [5, 5, 5]
DEBUG:root:Next Layer: ['1_215_16.1118504', '0_217_16.11045855', '2_216_16.109562500000003']
DEBUG:root:Slack in frames is [5, 5, 5]
DEBUG:root:Next Layer: ['1_216_16.16312835', '0_218_16.1431826', '2_217_16.14149835']
DEBUG:root:Slack in frames is [5, 5, 5]
DEBUG:root:Next Layer: ['1_217_16.19640425', '0_219_16.186619049999997', '2_218_16.1855364']
DEBUG:root:Slack in frames is [5, 5, 5]
DEBUG:root:Next Layer: ['1_218_16.21761115', '0_220_16.218535099999997', '2_219_16.21779865']
DEBUG:root:Slack in frames is [5, 5, 5]
DEBUG:root:Next Layer: ['1_219_16.265647450000003', '0_221_16.2625292', '2_220_16.26349675']
DEBUG:root:Slack in frames is [5, 5, 5]
DEBUG:root:Next Layer: ['1_220_16.3114724', '0_222_16.3114056', '2_221_16.31020635']
DEBUG:root:Slack in frames is [5, 5, 5]
DEBUG:root:Next Layer: ['1_221_16.359509600000003', '0_223_16.358547950000002', '2_222_16.358556']
DEBUG:root:Slack in frames is [4, 5, 5]
DEBUG:root:Next Layer: ['1_222_16.404639250000002', '0_224_16.4035492', '2_223_16.405698299999997']
DEBUG:root:Slack in frames is [5, 5, 5]
DEBUG:root:Next Layer: ['1_223_16.45171535', '0_225_16.45160035', '2_224_16.4525722']
DEBUG:root:Slack in frames is [4, 5, 5]
DEBUG:root:Next Layer: ['1_224_16.49962555', '0_226_16.49877565', '2_225_16.5005588']
DEBUG:root:Slack in frames is [4, 5, 6]
DEBUG:root:Next Layer: ['1_225_16.5323578', '0_227_16.53057515', '2_226_16.53089935']
DEBUG:root:Slack in frames is [4, 5, 6]
DEBUG:root:Next Layer: ['1_226_16.5737068', '0_228_16.56511655', '2_227_16.5620942']
DEBUG:root:Slack in frames is [4, 5, 6]
DEBUG:root:Next Layer: ['1_227_16.59548695', '0_229_16.5978796', '2_228_16.594607699999997']
DEBUG:root:Slack in frames is [4, 5, 6]
DEBUG:root:Next Layer: ['1_228_16.645557699999998', '0_230_16.629034349999998', '2_229_16.6265025']
DEBUG:root:Slack in frames is [4, 5, 6]
DEBUG:root:Next Layer: [None, '0_231_16.66137665', '2_230_16.660305049999998']
DEBUG:root:Slack in frames is [5, 5, 6]
DEBUG:root:Next Layer: ['1_229_16.70460225', '0_232_16.705637449999998', '2_231_16.6763698']
DEBUG:root:Slack in frames is [5, 5, 6]
DEBUG:root:Next Layer: [None, '0_233_16.7375842', '2_232_16.70575355']
DEBUG:root:Slack in frames is [6, 5, 6]
DEBUG:root:Next Layer: ['1_230_16.738526999999998', None, '2_233_16.73778315']
DEBUG:root:Slack in frames is [6, 6, 6]
DEBUG:root:Next Layer: ['1_231_16.78559775', '0_234_16.78572905', '2_234_16.7866447']
DEBUG:root:Slack in frames is [6, 6, 6]
DEBUG:root:Next Layer: ['1_232_16.8353117', '0_235_16.833613550000003', '2_235_16.83411205']
DEBUG:root:Slack in frames is [6, 6, 6]
DEBUG:root:Next Layer: ['1_233_16.8822717', '0_236_16.882443000000002', '2_236_16.882927000000002']
DEBUG:root:Slack in frames is [6, 6, 6]
DEBUG:root:Next Layer: ['1_234_16.92816555', '0_237_16.9286361', '2_237_16.92872655']
DEBUG:root:Slack in frames is [6, 6, 6]
DEBUG:root:Next Layer: ['1_235_16.97736235', '0_238_16.97661985', '2_238_16.97648365']
DEBUG:root:Slack in frames is [6, 6, 6]
DEBUG:root:Next Layer: ['1_236_17.0254281', '0_239_17.023007399999997', '2_239_17.024357000000002']
DEBUG:root:Slack in frames is [6, 6, 6]
DEBUG:root:Next Layer: ['1_237_17.073202549999998', '0_240_17.07163375', '2_240_17.07211245']
DEBUG:root:Slack in frames is [6, 6, 6]
DEBUG:root:Next Layer: ['1_238_17.1026129', '0_241_17.102778899999997', '2_241_17.10309']
DEBUG:root:Slack in frames is [6, 6, 6]
DEBUG:root:Next Layer: ['1_239_17.149604250000003', '0_242_17.14970095', '2_242_17.14814415']
DEBUG:root:Slack in frames is [6, 6, 6]
DEBUG:root:Next Layer: ['1_240_17.18121645', '0_243_17.181269649999997', '2_243_17.1801976']
DEBUG:root:Slack in frames is [6, 6, 6]
DEBUG:root:Next Layer: ['1_241_17.2283644', '0_244_17.22731275', '2_244_17.22734115']
DEBUG:root:Slack in frames is [6, 6, 6]
DEBUG:root:Next Layer: ['1_242_17.27748835', '0_245_17.27629585', '2_245_17.2752327']
DEBUG:root:Slack in frames is [6, 6, 6]
DEBUG:root:Next Layer: ['1_243_17.324321249999997', '0_246_17.3223029', '2_246_17.32317175']
DEBUG:root:Slack in frames is [6, 6, 6]
DEBUG:root:Next Layer: ['1_244_17.37127925', '0_247_17.369626500000003', '2_247_17.369720100000002']
DEBUG:root:Slack in frames is [6, 6, 6]
DEBUG:root:Next Layer: ['1_245_17.409257699999998', '0_248_17.40159375', '2_248_17.4021694']
DEBUG:root:Slack in frames is [6, 6, 6]
DEBUG:root:Next Layer: ['1_246_17.44961455', '0_249_17.45015585', '2_249_17.44857785']
DEBUG:root:Slack in frames is [6, 6, 6]
DEBUG:root:Next Layer: ['1_247_17.4972318', '0_250_17.49632545', '2_250_17.496317349999998']
